# JRE version: Java(TM) SE Runtime Environment (8.0_231-b11) (build 1.8.0_231-b11)
# Java VM: Java HotSpot(TM) 64-Bit Server VM (25.231-b11 mixed mode windows-amd64 compressed oops)
Heap:
 PSYoungGen      total 454144K, used 288730K [0x000000076bb00000, 0x0000000789880000, 0x00000007c0000000)
  eden space 437760K, 62% used [0x000000076bb00000,0x000000077c4f9ad0,0x0000000786680000)
  from space 16384K, 99% used [0x0000000788880000,0x000000078987d080,0x0000000789880000)
  to   space 19456K, 0% used [0x0000000787280000,0x0000000787280000,0x0000000788580000)
 ParOldGen       total 177664K, used 25488K [0x00000006c3000000, 0x00000006cdd80000, 0x000000076bb00000)
  object space 177664K, 14% used [0x00000006c3000000,0x00000006c48e40a0,0x00000006cdd80000)
 Metaspace       used 69860K, capacity 74384K, committed 74544K, reserved 1114112K
  class space    used 9848K, capacity 10572K, committed 10576K, reserved 1048576K
GC Heap History (10 events):
Event: 2.690 GC heap before
{Heap before GC invocations=9 (full 2):
 PSYoungGen      total 235520K, used 11773K [0x000000076bb00000, 0x0000000783b00000, 0x00000007c0000000)
  eden space 223744K, 0% used [0x000000076bb00000,0x000000076bb00000,0x0000000779580000)
  from space 11776K, 99% used [0x0000000779580000,0x000000077a0ff7c8,0x000000077a100000)
  to   space 13312K, 0% used [0x0000000782e00000,0x0000000782e00000,0x0000000783b00000)
 ParOldGen       total 85504K, used 6425K [0x00000006c3000000, 0x00000006c8380000, 0x000000076bb00000)
  object space 85504K, 7% used [0x00000006c3000000,0x00000006c3646728,0x00000006c8380000)
 Metaspace       used 33661K, capacity 35934K, committed 36048K, reserved 1081344K
  class space    used 4595K, capacity 5013K, committed 5072K, reserved 1048576K
Event: 2.725 GC heap after
Heap after GC invocations=9 (full 2):
 PSYoungGen      total 235520K, used 0K [0x000000076bb00000, 0x0000000783b00000, 0x00000007c0000000)
  eden space 223744K, 0% used [0x000000076bb00000,0x000000076bb00000,0x0000000779580000)
  from space 11776K, 0% used [0x0000000779580000,0x0000000779580000,0x000000077a100000)
  to   space 13312K, 0% used [0x0000000782e00000,0x0000000782e00000,0x0000000783b00000)
 ParOldGen       total 129536K, used 16987K [0x00000006c3000000, 0x00000006cae80000, 0x000000076bb00000)
  object space 129536K, 13% used [0x00000006c3000000,0x00000006c4096f88,0x00000006cae80000)
 Metaspace       used 33661K, capacity 35934K, committed 36048K, reserved 1081344K
  class space    used 4595K, capacity 5013K, committed 5072K, reserved 1048576K
}
Event: 4.407 GC heap before
{Heap before GC invocations=10 (full 2):
 PSYoungGen      total 235520K, used 223744K [0x000000076bb00000, 0x0000000783b00000, 0x00000007c0000000)
  eden space 223744K, 100% used [0x000000076bb00000,0x0000000779580000,0x0000000779580000)
  from space 11776K, 0% used [0x0000000779580000,0x0000000779580000,0x000000077a100000)
  to   space 13312K, 0% used [0x0000000782e00000,0x0000000782e00000,0x0000000783b00000)
 ParOldGen       total 129536K, used 16987K [0x00000006c3000000, 0x00000006cae80000, 0x000000076bb00000)
  object space 129536K, 13% used [0x00000006c3000000,0x00000006c4096f88,0x00000006cae80000)
 Metaspace       used 51912K, capacity 54394K, committed 54864K, reserved 1095680K
  class space    used 7244K, capacity 7691K, committed 7760K, reserved 1048576K
Event: 4.417 GC heap after
Heap after GC invocations=10 (full 2):
 PSYoungGen      total 360448K, used 13310K [0x000000076bb00000, 0x0000000783b00000, 0x00000007c0000000)
  eden space 347136K, 0% used [0x000000076bb00000,0x000000076bb00000,0x0000000780e00000)
  from space 13312K, 99% used [0x0000000782e00000,0x0000000783aff880,0x0000000783b00000)
  to   space 17408K, 0% used [0x0000000781900000,0x0000000781900000,0x0000000782a00000)
 ParOldGen       total 129536K, used 22849K [0x00000006c3000000, 0x00000006cae80000, 0x000000076bb00000)
  object space 129536K, 17% used [0x00000006c3000000,0x00000006c4650760,0x00000006cae80000)
 Metaspace       used 51912K, capacity 54394K, committed 54864K, reserved 1095680K
  class space    used 7244K, capacity 7691K, committed 7760K, reserved 1048576K
}
Event: 4.902 GC heap before
{Heap before GC invocations=11 (full 2):
 PSYoungGen      total 360448K, used 100057K [0x000000076bb00000, 0x0000000783b00000, 0x00000007c0000000)
  eden space 347136K, 24% used [0x000000076bb00000,0x0000000770fb6df8,0x0000000780e00000)
  from space 13312K, 99% used [0x0000000782e00000,0x0000000783aff880,0x0000000783b00000)
  to   space 17408K, 0% used [0x0000000781900000,0x0000000781900000,0x0000000782a00000)
 ParOldGen       total 129536K, used 22849K [0x00000006c3000000, 0x00000006cae80000, 0x000000076bb00000)
  object space 129536K, 17% used [0x00000006c3000000,0x00000006c4650760,0x00000006cae80000)
 Metaspace       used 56863K, capacity 59914K, committed 60080K, reserved 1101824K
  class space    used 7875K, capacity 8393K, committed 8400K, reserved 1048576K
Event: 4.909 GC heap after
Heap after GC invocations=11 (full 2):
 PSYoungGen      total 375808K, used 10060K [0x000000076bb00000, 0x0000000789880000, 0x00000007c0000000)
  eden space 358400K, 0% used [0x000000076bb00000,0x000000076bb00000,0x0000000781900000)
  from space 17408K, 57% used [0x0000000781900000,0x00000007822d33f0,0x0000000782a00000)
  to   space 16384K, 0% used [0x0000000788880000,0x0000000788880000,0x0000000789880000)
 ParOldGen       total 129536K, used 22857K [0x00000006c3000000, 0x00000006cae80000, 0x000000076bb00000)
  object space 129536K, 17% used [0x00000006c3000000,0x00000006c4652760,0x00000006cae80000)
 Metaspace       used 56863K, capacity 59914K, committed 60080K, reserved 1101824K
  class space    used 7875K, capacity 8393K, committed 8400K, reserved 1048576K
}
Event: 4.909 GC heap before
{Heap before GC invocations=12 (full 3):
 PSYoungGen      total 375808K, used 10060K [0x000000076bb00000, 0x0000000789880000, 0x00000007c0000000)
  eden space 358400K, 0% used [0x000000076bb00000,0x000000076bb00000,0x0000000781900000)
  from space 17408K, 57% used [0x0000000781900000,0x00000007822d33f0,0x0000000782a00000)
  to   space 16384K, 0% used [0x0000000788880000,0x0000000788880000,0x0000000789880000)
 ParOldGen       total 129536K, used 22857K [0x00000006c3000000, 0x00000006cae80000, 0x000000076bb00000)
  object space 129536K, 17% used [0x00000006c3000000,0x00000006c4652760,0x00000006cae80000)
 Metaspace       used 56863K, capacity 59914K, committed 60080K, reserved 1101824K
  class space    used 7875K, capacity 8393K, committed 8400K, reserved 1048576K
Event: 5.031 GC heap after
Heap after GC invocations=12 (full 3):
 PSYoungGen      total 375808K, used 0K [0x000000076bb00000, 0x0000000789880000, 0x00000007c0000000)
  eden space 358400K, 0% used [0x000000076bb00000,0x000000076bb00000,0x0000000781900000)
  from space 17408K, 0% used [0x0000000781900000,0x0000000781900000,0x0000000782a00000)
  to   space 16384K, 0% used [0x0000000788880000,0x0000000788880000,0x0000000789880000)
 ParOldGen       total 177664K, used 22821K [0x00000006c3000000, 0x00000006cdd80000, 0x000000076bb00000)
  object space 177664K, 12% used [0x00000006c3000000,0x00000006c4649758,0x00000006cdd80000)
 Metaspace       used 56863K, capacity 59914K, committed 60080K, reserved 1101824K
  class space    used 7875K, capacity 8393K, committed 8400K, reserved 1048576K
}
Event: 6.984 GC heap before
{Heap before GC invocations=13 (full 3):
 PSYoungGen      total 375808K, used 358400K [0x000000076bb00000, 0x0000000789880000, 0x00000007c0000000)
  eden space 358400K, 100% used [0x000000076bb00000,0x0000000781900000,0x0000000781900000)
  from space 17408K, 0% used [0x0000000781900000,0x0000000781900000,0x0000000782a00000)
  to   space 16384K, 0% used [0x0000000788880000,0x0000000788880000,0x0000000789880000)
 ParOldGen       total 177664K, used 22821K [0x00000006c3000000, 0x00000006cdd80000, 0x000000076bb00000)
  object space 177664K, 12% used [0x00000006c3000000,0x00000006c4649758,0x00000006cdd80000)
 Metaspace       used 65091K, capacity 69214K, committed 69424K, reserved 1110016K
  class space    used 9120K, capacity 9801K, committed 9808K, reserved 1048576K
Event: 6.999 GC heap after
Heap after GC invocations=13 (full 3):
 PSYoungGen      total 454144K, used 16372K [0x000000076bb00000, 0x0000000789880000, 0x00000007c0000000)
  eden space 437760K, 0% used [0x000000076bb00000,0x000000076bb00000,0x0000000786680000)
  from space 16384K, 99% used [0x0000000788880000,0x000000078987d080,0x0000000789880000)
  to   space 19456K, 0% used [0x0000000787280000,0x0000000787280000,0x0000000788580000)
 ParOldGen       total 177664K, used 25488K [0x00000006c3000000, 0x00000006cdd80000, 0x000000076bb00000)
  object space 177664K, 14% used [0x00000006c3000000,0x00000006c48e40a0,0x00000006cdd80000)
 Metaspace       used 65091K, capacity 69214K, committed 69424K, reserved 1110016K
  class space    used 9120K, capacity 9801K, committed 9808K, reserved 1048576K
}

